[2026-02-15T00:00:28.125Z] Plugin initialized: 10 commands [
  "opsx-new",
  "opsx-sync",
  "opsx-verify",
  "opsx-onboard",
  "opsx-continue",
  "opsx-apply",
  "opsx-bulk-archive",
  "opsx-archive",
  "opsx-explore",
  "opsx-ff"
]
[2026-02-15T00:00:30.371Z] Registered /subtask command
[2026-02-15T00:01:27.114Z] session.idle: sessionID=ses_3a1665ea2ffeF22XL4kr1ZrE6O
[2026-02-15T00:01:30.840Z] message-hooks: ENTRY msgCount=1, sessions=ses_3a1665ea2ffeF22XL4kr1ZrE6O
[2026-02-15T00:01:30.840Z] message-hooks: MESSAGES: [0]user: text:"<reminder>⚠️ MANDATORY: Understand→DELEG..."
[2026-02-15T00:01:30.840Z] message-hooks: post-filter, msgCount=1
[2026-02-15T00:01:30.840Z] message-hooks: about to search for OPENCODE_GENERIC
[2026-02-15T00:01:30.840Z] message-hooks: searching 1 messages for OPENCODE_GENERIC
[2026-02-15T00:01:30.840Z] message-hooks: generic search complete, found=false, index=-1
[2026-02-15T00:01:30.840Z] message-hooks: no generic part found, checking for pending prompt return
[2026-02-15T00:01:30.848Z] session.idle: sessionID=ses_3a1665ea2ffeF22XL4kr1ZrE6O
[2026-02-15T00:01:30.856Z] session.idle: sessionID=ses_3a1665ea2ffeF22XL4kr1ZrE6O
[2026-02-15T00:01:35.768Z] message-hooks: ENTRY msgCount=3, sessions=ses_3a1665ea2ffeF22XL4kr1ZrE6O
[2026-02-15T00:01:35.768Z] message-hooks: MESSAGES: [0]user: text:"the marketing page animation sequence is..." | [1]assistant:  | [2]user: text:"<reminder>⚠️ MANDATORY: Understand→DELEG..."
[2026-02-15T00:01:35.768Z] message-hooks: post-filter, msgCount=3
[2026-02-15T00:01:35.768Z] message-hooks: about to search for OPENCODE_GENERIC
[2026-02-15T00:01:35.768Z] message-hooks: searching 3 messages for OPENCODE_GENERIC
[2026-02-15T00:01:35.768Z] message-hooks: generic search complete, found=false, index=-1
[2026-02-15T00:01:35.768Z] message-hooks: no generic part found, checking for pending prompt return
[2026-02-15T00:01:44.671Z] tool.before: taskSession=ses_3a1665ea2ffeF22XL4kr1ZrE6O, prompt="Search the codebase to find al...", pendingParentSession=NOT FOUND
[2026-02-15T00:01:44.671Z] tool.before: callID=task:0, cmd=undefined, desc="Explore marketing page structu", mainCmd=undefined
[2026-02-15T00:01:44.954Z] message-hooks: ENTRY msgCount=1, sessions=ses_3a1659319ffey1x4ou2chJdlsg
[2026-02-15T00:01:44.954Z] message-hooks: MESSAGES: [0]user: text:"Search the codebase to find all files re..."
[2026-02-15T00:01:44.954Z] message-hooks: post-filter, msgCount=1
[2026-02-15T00:01:44.954Z] message-hooks: about to search for OPENCODE_GENERIC
[2026-02-15T00:01:44.954Z] message-hooks: searching 1 messages for OPENCODE_GENERIC
[2026-02-15T00:01:44.954Z] message-hooks: generic search complete, found=false, index=-1
[2026-02-15T00:01:44.954Z] message-hooks: no generic part found, checking for pending prompt return
[2026-02-15T00:01:48.540Z] message-hooks: ENTRY msgCount=2, sessions=ses_3a1659319ffey1x4ou2chJdlsg
[2026-02-15T00:01:48.540Z] message-hooks: MESSAGES: [0]user: text:"Search the codebase to find all files re..." | [1]assistant: step-start, reasoning, tool:completed, step-finish
[2026-02-15T00:01:48.541Z] message-hooks: post-filter, msgCount=2
[2026-02-15T00:01:48.541Z] message-hooks: about to search for OPENCODE_GENERIC
[2026-02-15T00:01:48.541Z] message-hooks: searching 2 messages for OPENCODE_GENERIC
[2026-02-15T00:01:48.541Z] message-hooks: generic search complete, found=false, index=-1
[2026-02-15T00:01:48.541Z] message-hooks: no generic part found, checking for pending prompt return
[2026-02-15T00:01:50.242Z] message-hooks: ENTRY msgCount=3, sessions=ses_3a1659319ffey1x4ou2chJdlsg
[2026-02-15T00:01:50.242Z] message-hooks: MESSAGES: [0]user: text:"Search the codebase to find all files re..." | [1]assistant: step-start, reasoning, tool:completed, step-finish | [2]assistant: step-start, reasoning, tool:completed, step-finish
[2026-02-15T00:01:50.242Z] message-hooks: post-filter, msgCount=3
[2026-02-15T00:01:50.242Z] message-hooks: about to search for OPENCODE_GENERIC
[2026-02-15T00:01:50.242Z] message-hooks: searching 3 messages for OPENCODE_GENERIC
[2026-02-15T00:01:50.242Z] message-hooks: generic search complete, found=false, index=-1
[2026-02-15T00:01:50.242Z] message-hooks: no generic part found, checking for pending prompt return
[2026-02-15T00:01:52.649Z] message-hooks: ENTRY msgCount=4, sessions=ses_3a1659319ffey1x4ou2chJdlsg
[2026-02-15T00:01:52.649Z] message-hooks: MESSAGES: [0]user: text:"Search the codebase to find all files re..." | [1]assistant: step-start, reasoning, tool:completed, step-finish | [2]assistant: step-start, reasoning, tool:completed, step-finish | [3]assistant: step-start, reasoning, tool:completed, step-finish
[2026-02-15T00:01:52.649Z] message-hooks: post-filter, msgCount=4
[2026-02-15T00:01:52.649Z] message-hooks: about to search for OPENCODE_GENERIC
[2026-02-15T00:01:52.649Z] message-hooks: searching 4 messages for OPENCODE_GENERIC
[2026-02-15T00:01:52.650Z] message-hooks: generic search complete, found=false, index=-1
[2026-02-15T00:01:52.650Z] message-hooks: no generic part found, checking for pending prompt return
[2026-02-15T00:01:54.732Z] message-hooks: ENTRY msgCount=5, sessions=ses_3a1659319ffey1x4ou2chJdlsg
[2026-02-15T00:01:54.732Z] message-hooks: MESSAGES: [0]user: text:"Search the codebase to find all files re..." | [1]assistant: step-start, reasoning, tool:completed, step-finish | [2]assistant: step-start, reasoning, tool:completed, step-finish | [3]assistant: step-start, reasoning, tool:completed, step-finish | [4]assistant: step-start, reasoning, tool:completed, step-finish
[2026-02-15T00:01:54.732Z] message-hooks: post-filter, msgCount=5
[2026-02-15T00:01:54.732Z] message-hooks: about to search for OPENCODE_GENERIC
[2026-02-15T00:01:54.732Z] message-hooks: searching 5 messages for OPENCODE_GENERIC
[2026-02-15T00:01:54.732Z] message-hooks: generic search complete, found=false, index=-1
[2026-02-15T00:01:54.732Z] message-hooks: no generic part found, checking for pending prompt return
[2026-02-15T00:01:56.700Z] message-hooks: ENTRY msgCount=6, sessions=ses_3a1659319ffey1x4ou2chJdlsg
[2026-02-15T00:01:56.700Z] message-hooks: MESSAGES: [0]user: text:"Search the codebase to find all files re..." | [1]assistant: step-start, reasoning, tool:completed, step-finish | [2]assistant: step-start, reasoning, tool:completed, step-finish | [3]assistant: step-start, reasoning, tool:completed, step-finish | [4]assistant: step-start, reasoning, tool:completed, step-finish | [5]assistant: step-start, reasoning, tool:completed, step-finish
[2026-02-15T00:01:56.700Z] message-hooks: post-filter, msgCount=6
[2026-02-15T00:01:56.700Z] message-hooks: about to search for OPENCODE_GENERIC
[2026-02-15T00:01:56.700Z] message-hooks: searching 6 messages for OPENCODE_GENERIC
[2026-02-15T00:01:56.700Z] message-hooks: generic search complete, found=false, index=-1
[2026-02-15T00:01:56.700Z] message-hooks: no generic part found, checking for pending prompt return
[2026-02-15T00:01:58.812Z] message-hooks: ENTRY msgCount=7, sessions=ses_3a1659319ffey1x4ou2chJdlsg
[2026-02-15T00:01:58.812Z] message-hooks: MESSAGES: [0]user: text:"Search the codebase to find all files re..." | [1]assistant: step-start, reasoning, tool:completed, step-finish | [2]assistant: step-start, reasoning, tool:completed, step-finish | [3]assistant: step-start, reasoning, tool:completed, step-finish | [4]assistant: step-start, reasoning, tool:completed, step-finish | [5]assistant: step-start, reasoning, tool:completed, step-finish | [6]assistant: step-start, reasoning, tool:completed, step-finish
[2026-02-15T00:01:58.812Z] message-hooks: post-filter, msgCount=7
[2026-02-15T00:01:58.812Z] message-hooks: about to search for OPENCODE_GENERIC
[2026-02-15T00:01:58.812Z] message-hooks: searching 7 messages for OPENCODE_GENERIC
[2026-02-15T00:01:58.812Z] message-hooks: generic search complete, found=false, index=-1
[2026-02-15T00:01:58.812Z] message-hooks: no generic part found, checking for pending prompt return
[2026-02-15T00:02:02.144Z] message-hooks: ENTRY msgCount=8, sessions=ses_3a1659319ffey1x4ou2chJdlsg
[2026-02-15T00:02:02.144Z] message-hooks: MESSAGES: [0]user: text:"Search the codebase to find all files re..." | [1]assistant: step-start, reasoning, tool:completed, step-finish | [2]assistant: step-start, reasoning, tool:completed, step-finish | [3]assistant: step-start, reasoning, tool:completed, step-finish | [4]assistant: step-start, reasoning, tool:completed, step-finish | [5]assistant: step-start, reasoning, tool:completed, step-finish | [6]assistant: step-start, reasoning, tool:completed, step-finish | [7]assistant: step-start, reasoning, tool:completed, step-finish
[2026-02-15T00:02:02.144Z] message-hooks: post-filter, msgCount=8
[2026-02-15T00:02:02.144Z] message-hooks: about to search for OPENCODE_GENERIC
[2026-02-15T00:02:02.144Z] message-hooks: searching 8 messages for OPENCODE_GENERIC
[2026-02-15T00:02:02.144Z] message-hooks: generic search complete, found=false, index=-1
[2026-02-15T00:02:02.144Z] message-hooks: no generic part found, checking for pending prompt return
[2026-02-15T00:02:04.333Z] message-hooks: ENTRY msgCount=9, sessions=ses_3a1659319ffey1x4ou2chJdlsg
[2026-02-15T00:02:04.333Z] message-hooks: MESSAGES: [0]user: text:"Search the codebase to find all files re..." | [1]assistant: step-start, reasoning, tool:completed, step-finish | [2]assistant: step-start, reasoning, tool:completed, step-finish | [3]assistant: step-start, reasoning, tool:completed, step-finish | [4]assistant: step-start, reasoning, tool:completed, step-finish | [5]assistant: step-start, reasoning, tool:completed, step-finish | [6]assistant: step-start, reasoning, tool:completed, step-finish | [7]assistant: step-start, reasoning, tool:completed, step-finish | [8]assistant: step-start, reasoning, tool:completed, step-finish
[2026-02-15T00:02:04.333Z] message-hooks: post-filter, msgCount=9
[2026-02-15T00:02:04.333Z] message-hooks: about to search for OPENCODE_GENERIC
[2026-02-15T00:02:04.333Z] message-hooks: searching 9 messages for OPENCODE_GENERIC
[2026-02-15T00:02:04.333Z] message-hooks: generic search complete, found=false, index=-1
[2026-02-15T00:02:04.333Z] message-hooks: no generic part found, checking for pending prompt return
[2026-02-15T00:02:10.078Z] message-hooks: ENTRY msgCount=10, sessions=ses_3a1659319ffey1x4ou2chJdlsg
[2026-02-15T00:02:10.078Z] message-hooks: MESSAGES: [0]user: text:"Search the codebase to find all files re..." | [1]assistant: step-start, reasoning, tool:completed, step-finish | [2]assistant: step-start, reasoning, tool:completed, step-finish | [3]assistant: step-start, reasoning, tool:completed, step-finish | [4]assistant: step-start, reasoning, tool:completed, step-finish | [5]assistant: step-start, reasoning, tool:completed, step-finish | [6]assistant: step-start, reasoning, tool:completed, step-finish | [7]assistant: step-start, reasoning, tool:completed, step-finish | [8]assistant: step-start, reasoning, tool:completed, step-finish | [9]assistant: step-start, reasoning, tool:completed, step-finish
[2026-02-15T00:02:10.078Z] message-hooks: post-filter, msgCount=10
[2026-02-15T00:02:10.078Z] message-hooks: about to search for OPENCODE_GENERIC
[2026-02-15T00:02:10.078Z] message-hooks: searching 10 messages for OPENCODE_GENERIC
[2026-02-15T00:02:10.078Z] message-hooks: generic search complete, found=false, index=-1
[2026-02-15T00:02:10.078Z] message-hooks: no generic part found, checking for pending prompt return
[2026-02-15T00:02:13.338Z] message-hooks: ENTRY msgCount=11, sessions=ses_3a1659319ffey1x4ou2chJdlsg
[2026-02-15T00:02:13.338Z] message-hooks: MESSAGES: [0]user: text:"Search the codebase to find all files re..." | [1]assistant: step-start, reasoning, tool:completed, step-finish | [2]assistant: step-start, reasoning, tool:completed, step-finish | [3]assistant: step-start, reasoning, tool:completed, step-finish | [4]assistant: step-start, reasoning, tool:completed, step-finish | [5]assistant: step-start, reasoning, tool:completed, step-finish | [6]assistant: step-start, reasoning, tool:completed, step-finish | [7]assistant: step-start, reasoning, tool:completed, step-finish | [8]assistant: step-start, reasoning, tool:completed, step-finish | [9]assistant: step-start, reasoning, tool:completed, step-finish | [10]assistant: step-start, reasoning, tool:completed, step-finish
[2026-02-15T00:02:13.338Z] message-hooks: post-filter, msgCount=11
[2026-02-15T00:02:13.338Z] message-hooks: about to search for OPENCODE_GENERIC
[2026-02-15T00:02:13.338Z] message-hooks: searching 11 messages for OPENCODE_GENERIC
[2026-02-15T00:02:13.338Z] message-hooks: generic search complete, found=false, index=-1
[2026-02-15T00:02:13.338Z] message-hooks: no generic part found, checking for pending prompt return
[2026-02-15T00:02:16.049Z] message-hooks: ENTRY msgCount=12, sessions=ses_3a1659319ffey1x4ou2chJdlsg
[2026-02-15T00:02:16.049Z] message-hooks: MESSAGES: [0]user: text:"Search the codebase to find all files re..." | [1]assistant: step-start, reasoning, tool:completed, step-finish | [2]assistant: step-start, reasoning, tool:completed, step-finish | [3]assistant: step-start, reasoning, tool:completed, step-finish | [4]assistant: step-start, reasoning, tool:completed, step-finish | [5]assistant: step-start, reasoning, tool:completed, step-finish | [6]assistant: step-start, reasoning, tool:completed, step-finish | [7]assistant: step-start, reasoning, tool:completed, step-finish | [8]assistant: step-start, reasoning, tool:completed, step-finish | [9]assistant: step-start, reasoning, tool:completed, step-finish | [10]assistant: step-start, reasoning, tool:completed, step-finish | [11]assistant: step-start, reasoning, tool:completed, step-finish
[2026-02-15T00:02:16.049Z] message-hooks: post-filter, msgCount=12
[2026-02-15T00:02:16.049Z] message-hooks: about to search for OPENCODE_GENERIC
[2026-02-15T00:02:16.049Z] message-hooks: searching 12 messages for OPENCODE_GENERIC
[2026-02-15T00:02:16.049Z] message-hooks: generic search complete, found=false, index=-1
[2026-02-15T00:02:16.049Z] message-hooks: no generic part found, checking for pending prompt return
[2026-02-15T00:02:19.817Z] message-hooks: ENTRY msgCount=13, sessions=ses_3a1659319ffey1x4ou2chJdlsg
[2026-02-15T00:02:19.817Z] message-hooks: MESSAGES: [0]user: text:"Search the codebase to find all files re..." | [1]assistant: step-start, reasoning, tool:completed, step-finish | [2]assistant: step-start, reasoning, tool:completed, step-finish | [3]assistant: step-start, reasoning, tool:completed, step-finish | [4]assistant: step-start, reasoning, tool:completed, step-finish | [5]assistant: step-start, reasoning, tool:completed, step-finish | [6]assistant: step-start, reasoning, tool:completed, step-finish | [7]assistant: step-start, reasoning, tool:completed, step-finish | [8]assistant: step-start, reasoning, tool:completed, step-finish | [9]assistant: step-start, reasoning, tool:completed, step-finish | [10]assistant: step-start, reasoning, tool:completed, step-finish | [11]assistant: step-start, reasoning, tool:completed, step-finish | [12]assistant: step-start, reasoning, tool:completed, step-finish
[2026-02-15T00:02:19.817Z] message-hooks: post-filter, msgCount=13
[2026-02-15T00:02:19.817Z] message-hooks: about to search for OPENCODE_GENERIC
[2026-02-15T00:02:19.817Z] message-hooks: searching 13 messages for OPENCODE_GENERIC
[2026-02-15T00:02:19.817Z] message-hooks: generic search complete, found=false, index=-1
[2026-02-15T00:02:19.817Z] message-hooks: no generic part found, checking for pending prompt return
[2026-02-15T00:02:22.625Z] message-hooks: ENTRY msgCount=14, sessions=ses_3a1659319ffey1x4ou2chJdlsg
[2026-02-15T00:02:22.625Z] message-hooks: MESSAGES: [0]user: text:"Search the codebase to find all files re..." | [1]assistant: step-start, reasoning, tool:completed, step-finish | [2]assistant: step-start, reasoning, tool:completed, step-finish | [3]assistant: step-start, reasoning, tool:completed, step-finish | [4]assistant: step-start, reasoning, tool:completed, step-finish | [5]assistant: step-start, reasoning, tool:completed, step-finish | [6]assistant: step-start, reasoning, tool:completed, step-finish | [7]assistant: step-start, reasoning, tool:completed, step-finish | [8]assistant: step-start, reasoning, tool:completed, step-finish | [9]assistant: step-start, reasoning, tool:completed, step-finish | [10]assistant: step-start, reasoning, tool:completed, step-finish | [11]assistant: step-start, reasoning, tool:completed, step-finish | [12]assistant: step-start, reasoning, tool:completed, step-finish | [13]assistant: step-start, reasoning, tool:completed, step-finish
[2026-02-15T00:02:22.625Z] message-hooks: post-filter, msgCount=14
[2026-02-15T00:02:22.625Z] message-hooks: about to search for OPENCODE_GENERIC
[2026-02-15T00:02:22.625Z] message-hooks: searching 14 messages for OPENCODE_GENERIC
[2026-02-15T00:02:22.625Z] message-hooks: generic search complete, found=false, index=-1
[2026-02-15T00:02:22.625Z] message-hooks: no generic part found, checking for pending prompt return
[2026-02-15T00:02:26.204Z] message-hooks: ENTRY msgCount=15, sessions=ses_3a1659319ffey1x4ou2chJdlsg
[2026-02-15T00:02:26.204Z] message-hooks: MESSAGES: [0]user: text:"Search the codebase to find all files re..." | [1]assistant: step-start, reasoning, tool:completed, step-finish | [2]assistant: step-start, reasoning, tool:completed, step-finish | [3]assistant: step-start, reasoning, tool:completed, step-finish | [4]assistant: step-start, reasoning, tool:completed, step-finish | [5]assistant: step-start, reasoning, tool:completed, step-finish | [6]assistant: step-start, reasoning, tool:completed, step-finish | [7]assistant: step-start, reasoning, tool:completed, step-finish | [8]assistant: step-start, reasoning, tool:completed, step-finish | [9]assistant: step-start, reasoning, tool:completed, step-finish | [10]assistant: step-start, reasoning, tool:completed, step-finish | [11]assistant: step-start, reasoning, tool:completed, step-finish | [12]assistant: step-start, reasoning, tool:completed, step-finish | [13]assistant: step-start, reasoning, tool:completed, step-finish | [14]assistant: step-start, reasoning, tool:completed, step-finish
[2026-02-15T00:02:26.204Z] message-hooks: post-filter, msgCount=15
[2026-02-15T00:02:26.204Z] message-hooks: about to search for OPENCODE_GENERIC
[2026-02-15T00:02:26.204Z] message-hooks: searching 15 messages for OPENCODE_GENERIC
[2026-02-15T00:02:26.204Z] message-hooks: generic search complete, found=false, index=-1
[2026-02-15T00:02:26.204Z] message-hooks: no generic part found, checking for pending prompt return
[2026-02-15T00:02:29.778Z] message-hooks: ENTRY msgCount=16, sessions=ses_3a1659319ffey1x4ou2chJdlsg
[2026-02-15T00:02:29.778Z] message-hooks: MESSAGES: [0]user: text:"Search the codebase to find all files re..." | [1]assistant: step-start, reasoning, tool:completed, step-finish | [2]assistant: step-start, reasoning, tool:completed, step-finish | [3]assistant: step-start, reasoning, tool:completed, step-finish | [4]assistant: step-start, reasoning, tool:completed, step-finish | [5]assistant: step-start, reasoning, tool:completed, step-finish | [6]assistant: step-start, reasoning, tool:completed, step-finish | [7]assistant: step-start, reasoning, tool:completed, step-finish | [8]assistant: step-start, reasoning, tool:completed, step-finish | [9]assistant: step-start, reasoning, tool:completed, step-finish | [10]assistant: step-start, reasoning, tool:completed, step-finish | [11]assistant: step-start, reasoning, tool:completed, step-finish | [12]assistant: step-start, reasoning, tool:completed, step-finish | [13]assistant: step-start, reasoning, tool:completed, step-finish | [14]assistant: step-start, reasoning, tool:completed, step-finish | [15]assistant: step-start, reasoning, tool:completed, step-finish
[2026-02-15T00:02:29.778Z] message-hooks: post-filter, msgCount=16
[2026-02-15T00:02:29.778Z] message-hooks: about to search for OPENCODE_GENERIC
[2026-02-15T00:02:29.778Z] message-hooks: searching 16 messages for OPENCODE_GENERIC
[2026-02-15T00:02:29.778Z] message-hooks: generic search complete, found=false, index=-1
[2026-02-15T00:02:29.778Z] message-hooks: no generic part found, checking for pending prompt return
[2026-02-15T00:02:32.760Z] message-hooks: ENTRY msgCount=17, sessions=ses_3a1659319ffey1x4ou2chJdlsg
[2026-02-15T00:02:32.760Z] message-hooks: MESSAGES: [0]user: text:"Search the codebase to find all files re..." | [1]assistant: step-start, reasoning, tool:completed, step-finish | [2]assistant: step-start, reasoning, tool:completed, step-finish | [3]assistant: step-start, reasoning, tool:completed, step-finish | [4]assistant: step-start, reasoning, tool:completed, step-finish | [5]assistant: step-start, reasoning, tool:completed, step-finish | [6]assistant: step-start, reasoning, tool:completed, step-finish | [7]assistant: step-start, reasoning, tool:completed, step-finish | [8]assistant: step-start, reasoning, tool:completed, step-finish | [9]assistant: step-start, reasoning, tool:completed, step-finish | [10]assistant: step-start, reasoning, tool:completed, step-finish | [11]assistant: step-start, reasoning, tool:completed, step-finish | [12]assistant: step-start, reasoning, tool:completed, step-finish | [13]assistant: step-start, reasoning, tool:completed, step-finish | [14]assistant: step-start, reasoning, tool:completed, step-finish | [15]assistant: step-start, reasoning, tool:completed, step-finish | [16]assistant: step-start, reasoning, tool:completed, step-finish
[2026-02-15T00:02:32.760Z] message-hooks: post-filter, msgCount=17
[2026-02-15T00:02:32.760Z] message-hooks: about to search for OPENCODE_GENERIC
[2026-02-15T00:02:32.760Z] message-hooks: searching 17 messages for OPENCODE_GENERIC
[2026-02-15T00:02:32.760Z] message-hooks: generic search complete, found=false, index=-1
[2026-02-15T00:02:32.760Z] message-hooks: no generic part found, checking for pending prompt return
[2026-02-15T00:02:34.951Z] message-hooks: ENTRY msgCount=18, sessions=ses_3a1659319ffey1x4ou2chJdlsg
[2026-02-15T00:02:34.951Z] message-hooks: MESSAGES: [0]user: text:"Search the codebase to find all files re..." | [1]assistant: step-start, reasoning, tool:completed, step-finish | [2]assistant: step-start, reasoning, tool:completed, step-finish | [3]assistant: step-start, reasoning, tool:completed, step-finish | [4]assistant: step-start, reasoning, tool:completed, step-finish | [5]assistant: step-start, reasoning, tool:completed, step-finish | [6]assistant: step-start, reasoning, tool:completed, step-finish | [7]assistant: step-start, reasoning, tool:completed, step-finish | [8]assistant: step-start, reasoning, tool:completed, step-finish | [9]assistant: step-start, reasoning, tool:completed, step-finish | [10]assistant: step-start, reasoning, tool:completed, step-finish | [11]assistant: step-start, reasoning, tool:completed, step-finish | [12]assistant: step-start, reasoning, tool:completed, step-finish | [13]assistant: step-start, reasoning, tool:completed, step-finish | [14]assistant: step-start, reasoning, tool:completed, step-finish | [15]assistant: step-start, reasoning, tool:completed, step-finish | [16]assistant: step-start, reasoning, tool:completed, step-finish | [17]assistant: step-start, reasoning, tool:completed, step-finish
[2026-02-15T00:02:34.951Z] message-hooks: post-filter, msgCount=18
[2026-02-15T00:02:34.951Z] message-hooks: about to search for OPENCODE_GENERIC
[2026-02-15T00:02:34.951Z] message-hooks: searching 18 messages for OPENCODE_GENERIC
[2026-02-15T00:02:34.951Z] message-hooks: generic search complete, found=false, index=-1
[2026-02-15T00:02:34.951Z] message-hooks: no generic part found, checking for pending prompt return
[2026-02-15T00:02:51.530Z] session.idle: sessionID=ses_3a1659319ffey1x4ou2chJdlsg
[2026-02-15T00:02:51.531Z] tool.after: callID=task:0, cmd=undefined, wasTracked=false
[2026-02-15T00:02:51.531Z] tool.after: parentSession=undefined, loopSession=ses_3a1665ea2ffeF22XL4kr1ZrE6O, hasLoop=false, isInlineLoop=false
[2026-02-15T00:02:51.839Z] message-hooks: ENTRY msgCount=4, sessions=ses_3a1665ea2ffeF22XL4kr1ZrE6O
[2026-02-15T00:02:51.839Z] message-hooks: MESSAGES: [0]user: text:"the marketing page animation sequence is..." | [1]assistant:  | [2]user: text:"<reminder>⚠️ MANDATORY: Understand→DELEG..." | [3]assistant: step-start, reasoning, text:"I'll investigate the marketing page anim...", tool:completed, step-finish
[2026-02-15T00:02:51.839Z] message-hooks: post-filter, msgCount=4
[2026-02-15T00:02:51.839Z] message-hooks: about to search for OPENCODE_GENERIC
[2026-02-15T00:02:51.839Z] message-hooks: searching 4 messages for OPENCODE_GENERIC
[2026-02-15T00:02:51.839Z] message-hooks: generic search complete, found=false, index=-1
[2026-02-15T00:02:51.839Z] message-hooks: no generic part found, checking for pending prompt return
[2026-02-15T00:02:55.803Z] message-hooks: ENTRY msgCount=5, sessions=ses_3a1665ea2ffeF22XL4kr1ZrE6O
[2026-02-15T00:02:55.803Z] message-hooks: MESSAGES: [0]user: text:"the marketing page animation sequence is..." | [1]assistant:  | [2]user: text:"<reminder>⚠️ MANDATORY: Understand→DELEG..." | [3]assistant: step-start, reasoning, text:"I'll investigate the marketing page anim...", tool:completed, step-finish | [4]assistant: step-start, reasoning, tool:completed, step-finish, tool:completed
[2026-02-15T00:02:55.803Z] message-hooks: post-filter, msgCount=5
[2026-02-15T00:02:55.803Z] message-hooks: about to search for OPENCODE_GENERIC
[2026-02-15T00:02:55.803Z] message-hooks: searching 5 messages for OPENCODE_GENERIC
[2026-02-15T00:02:55.803Z] message-hooks: generic search complete, found=false, index=-1
[2026-02-15T00:02:55.803Z] message-hooks: no generic part found, checking for pending prompt return
[2026-02-15T00:03:02.975Z] message-hooks: ENTRY msgCount=6, sessions=ses_3a1665ea2ffeF22XL4kr1ZrE6O
[2026-02-15T00:03:02.975Z] message-hooks: MESSAGES: [0]user: text:"the marketing page animation sequence is..." | [1]assistant:  | [2]user: text:"<reminder>⚠️ MANDATORY: Understand→DELEG..." | [3]assistant: step-start, reasoning, text:"I'll investigate the marketing page anim...", tool:completed, step-finish | [4]assistant: step-start, reasoning, tool:completed, step-finish | [5]assistant: step-start, reasoning, text:"Let me read the CSS file to understand t...", tool:completed, step-finish, tool:completed
[2026-02-15T00:03:02.975Z] message-hooks: post-filter, msgCount=6
[2026-02-15T00:03:02.975Z] message-hooks: about to search for OPENCODE_GENERIC
[2026-02-15T00:03:02.975Z] message-hooks: searching 6 messages for OPENCODE_GENERIC
[2026-02-15T00:03:02.975Z] message-hooks: generic search complete, found=false, index=-1
[2026-02-15T00:03:02.975Z] message-hooks: no generic part found, checking for pending prompt return
[2026-02-15T00:03:16.413Z] tool.before: taskSession=ses_3a1665ea2ffeF22XL4kr1ZrE6O, prompt="Fix the following animation is...", pendingParentSession=NOT FOUND
[2026-02-15T00:03:16.413Z] tool.before: callID=task:4, cmd=undefined, desc="Fix marketing page animations", mainCmd=undefined
[2026-02-15T00:03:16.684Z] message-hooks: ENTRY msgCount=1, sessions=ses_3a1642cc1ffe2nijQ3k9wGmdYR
[2026-02-15T00:03:16.684Z] message-hooks: MESSAGES: [0]user: text:"Fix the following animation issues in th..."
[2026-02-15T00:03:16.684Z] message-hooks: post-filter, msgCount=1
[2026-02-15T00:03:16.684Z] message-hooks: about to search for OPENCODE_GENERIC
[2026-02-15T00:03:16.684Z] message-hooks: searching 1 messages for OPENCODE_GENERIC
[2026-02-15T00:03:16.684Z] message-hooks: generic search complete, found=false, index=-1
[2026-02-15T00:03:16.684Z] message-hooks: no generic part found, checking for pending prompt return
[2026-02-15T00:03:20.803Z] message-hooks: ENTRY msgCount=2, sessions=ses_3a1642cc1ffe2nijQ3k9wGmdYR
[2026-02-15T00:03:20.803Z] message-hooks: MESSAGES: [0]user: text:"Fix the following animation issues in th..." | [1]assistant: step-start, reasoning, tool:completed, tool:completed, tool:completed, step-finish
[2026-02-15T00:03:20.803Z] message-hooks: post-filter, msgCount=2
[2026-02-15T00:03:20.803Z] message-hooks: about to search for OPENCODE_GENERIC
[2026-02-15T00:03:20.803Z] message-hooks: searching 2 messages for OPENCODE_GENERIC
[2026-02-15T00:03:20.803Z] message-hooks: generic search complete, found=false, index=-1
[2026-02-15T00:03:20.803Z] message-hooks: no generic part found, checking for pending prompt return
[2026-02-15T00:03:25.119Z] message-hooks: ENTRY msgCount=3, sessions=ses_3a1642cc1ffe2nijQ3k9wGmdYR
[2026-02-15T00:03:25.119Z] message-hooks: MESSAGES: [0]user: text:"Fix the following animation issues in th..." | [1]assistant: step-start, reasoning, tool:completed, tool:completed, tool:completed, step-finish | [2]assistant: step-start, reasoning, tool:completed, step-finish
[2026-02-15T00:03:25.119Z] message-hooks: post-filter, msgCount=3
[2026-02-15T00:03:25.119Z] message-hooks: about to search for OPENCODE_GENERIC
[2026-02-15T00:03:25.119Z] message-hooks: searching 3 messages for OPENCODE_GENERIC
[2026-02-15T00:03:25.119Z] message-hooks: generic search complete, found=false, index=-1
[2026-02-15T00:03:25.119Z] message-hooks: no generic part found, checking for pending prompt return
[2026-02-15T00:03:29.506Z] message-hooks: ENTRY msgCount=4, sessions=ses_3a1642cc1ffe2nijQ3k9wGmdYR
[2026-02-15T00:03:29.506Z] message-hooks: MESSAGES: [0]user: text:"Fix the following animation issues in th..." | [1]assistant: step-start, reasoning, tool:completed, tool:completed, tool:completed, step-finish | [2]assistant: step-start, reasoning, tool:completed, step-finish | [3]assistant: step-start, reasoning, tool:completed, step-finish
[2026-02-15T00:03:29.506Z] message-hooks: post-filter, msgCount=4
[2026-02-15T00:03:29.506Z] message-hooks: about to search for OPENCODE_GENERIC
[2026-02-15T00:03:29.506Z] message-hooks: searching 4 messages for OPENCODE_GENERIC
[2026-02-15T00:03:29.506Z] message-hooks: generic search complete, found=false, index=-1
[2026-02-15T00:03:29.506Z] message-hooks: no generic part found, checking for pending prompt return
[2026-02-15T00:03:37.346Z] message-hooks: ENTRY msgCount=5, sessions=ses_3a1642cc1ffe2nijQ3k9wGmdYR
[2026-02-15T00:03:37.346Z] message-hooks: MESSAGES: [0]user: text:"Fix the following animation issues in th..." | [1]assistant: step-start, reasoning, tool:completed, tool:completed, tool:completed, step-finish | [2]assistant: step-start, reasoning, tool:completed, step-finish | [3]assistant: step-start, reasoning, tool:completed, step-finish | [4]assistant: step-start, reasoning, tool:completed, step-finish
[2026-02-15T00:03:37.346Z] message-hooks: post-filter, msgCount=5
[2026-02-15T00:03:37.346Z] message-hooks: about to search for OPENCODE_GENERIC
[2026-02-15T00:03:37.346Z] message-hooks: searching 5 messages for OPENCODE_GENERIC
[2026-02-15T00:03:37.346Z] message-hooks: generic search complete, found=false, index=-1
[2026-02-15T00:03:37.346Z] message-hooks: no generic part found, checking for pending prompt return
[2026-02-15T00:03:41.261Z] message-hooks: ENTRY msgCount=6, sessions=ses_3a1642cc1ffe2nijQ3k9wGmdYR
[2026-02-15T00:03:41.261Z] message-hooks: MESSAGES: [0]user: text:"Fix the following animation issues in th..." | [1]assistant: step-start, reasoning, tool:completed, tool:completed, tool:completed, step-finish | [2]assistant: step-start, reasoning, tool:completed, step-finish | [3]assistant: step-start, reasoning, tool:completed, step-finish | [4]assistant: step-start, reasoning, tool:completed, step-finish | [5]assistant: step-start, reasoning, tool:completed, step-finish
[2026-02-15T00:03:41.261Z] message-hooks: post-filter, msgCount=6
[2026-02-15T00:03:41.261Z] message-hooks: about to search for OPENCODE_GENERIC
[2026-02-15T00:03:41.261Z] message-hooks: searching 6 messages for OPENCODE_GENERIC
[2026-02-15T00:03:41.261Z] message-hooks: generic search complete, found=false, index=-1
[2026-02-15T00:03:41.261Z] message-hooks: no generic part found, checking for pending prompt return
[2026-02-15T00:03:46.501Z] message-hooks: ENTRY msgCount=7, sessions=ses_3a1642cc1ffe2nijQ3k9wGmdYR
[2026-02-15T00:03:46.501Z] message-hooks: MESSAGES: [0]user: text:"Fix the following animation issues in th..." | [1]assistant: step-start, reasoning, tool:completed, tool:completed, tool:completed, step-finish | [2]assistant: step-start, reasoning, tool:completed, step-finish | [3]assistant: step-start, reasoning, tool:completed, step-finish | [4]assistant: step-start, reasoning, tool:completed, step-finish | [5]assistant: step-start, reasoning, tool:completed, step-finish | [6]assistant: step-start, reasoning, tool:completed, step-finish
[2026-02-15T00:03:46.501Z] message-hooks: post-filter, msgCount=7
[2026-02-15T00:03:46.501Z] message-hooks: about to search for OPENCODE_GENERIC
[2026-02-15T00:03:46.501Z] message-hooks: searching 7 messages for OPENCODE_GENERIC
[2026-02-15T00:03:46.501Z] message-hooks: generic search complete, found=false, index=-1
[2026-02-15T00:03:46.501Z] message-hooks: no generic part found, checking for pending prompt return
[2026-02-15T00:04:20.331Z] message-hooks: ENTRY msgCount=8, sessions=ses_3a1642cc1ffe2nijQ3k9wGmdYR
[2026-02-15T00:04:20.331Z] message-hooks: MESSAGES: [0]user: text:"Fix the following animation issues in th..." | [1]assistant: step-start, reasoning, tool:completed, tool:completed, tool:completed, step-finish | [2]assistant: step-start, reasoning, tool:completed, step-finish | [3]assistant: step-start, reasoning, tool:completed, step-finish | [4]assistant: step-start, reasoning, tool:completed, step-finish | [5]assistant: step-start, reasoning, tool:completed, step-finish | [6]assistant: step-start, reasoning, tool:completed, step-finish | [7]assistant: step-start, reasoning, tool:completed, step-finish, patch
[2026-02-15T00:04:20.331Z] message-hooks: post-filter, msgCount=8
[2026-02-15T00:04:20.331Z] message-hooks: about to search for OPENCODE_GENERIC
[2026-02-15T00:04:20.331Z] message-hooks: searching 8 messages for OPENCODE_GENERIC
[2026-02-15T00:04:20.331Z] message-hooks: generic search complete, found=false, index=-1
[2026-02-15T00:04:20.331Z] message-hooks: no generic part found, checking for pending prompt return
[2026-02-15T00:04:28.929Z] message-hooks: ENTRY msgCount=9, sessions=ses_3a1642cc1ffe2nijQ3k9wGmdYR
[2026-02-15T00:04:28.929Z] message-hooks: MESSAGES: [0]user: text:"Fix the following animation issues in th..." | [1]assistant: step-start, reasoning, tool:completed, tool:completed, tool:completed, step-finish | [2]assistant: step-start, reasoning, tool:completed, step-finish | [3]assistant: step-start, reasoning, tool:completed, step-finish | [4]assistant: step-start, reasoning, tool:completed, step-finish | [5]assistant: step-start, reasoning, tool:completed, step-finish | [6]assistant: step-start, reasoning, tool:completed, step-finish | [7]assistant: step-start, reasoning, tool:completed, step-finish, patch | [8]assistant: step-start, reasoning, tool:completed, step-finish, patch
[2026-02-15T00:04:28.929Z] message-hooks: post-filter, msgCount=9
[2026-02-15T00:04:28.929Z] message-hooks: about to search for OPENCODE_GENERIC
[2026-02-15T00:04:28.929Z] message-hooks: searching 9 messages for OPENCODE_GENERIC
[2026-02-15T00:04:28.929Z] message-hooks: generic search complete, found=false, index=-1
[2026-02-15T00:04:28.929Z] message-hooks: no generic part found, checking for pending prompt return
[2026-02-15T00:04:33.003Z] message-hooks: ENTRY msgCount=10, sessions=ses_3a1642cc1ffe2nijQ3k9wGmdYR
[2026-02-15T00:04:33.003Z] message-hooks: MESSAGES: [0]user: text:"Fix the following animation issues in th..." | [1]assistant: step-start, reasoning, tool:completed, tool:completed, tool:completed, step-finish | [2]assistant: step-start, reasoning, tool:completed, step-finish | [3]assistant: step-start, reasoning, tool:completed, step-finish | [4]assistant: step-start, reasoning, tool:completed, step-finish | [5]assistant: step-start, reasoning, tool:completed, step-finish | [6]assistant: step-start, reasoning, tool:completed, step-finish | [7]assistant: step-start, reasoning, tool:completed, step-finish, patch | [8]assistant: step-start, reasoning, tool:completed, step-finish, patch | [9]assistant: step-start, reasoning, tool:completed, step-finish, patch
[2026-02-15T00:04:33.003Z] message-hooks: post-filter, msgCount=10
[2026-02-15T00:04:33.003Z] message-hooks: about to search for OPENCODE_GENERIC
[2026-02-15T00:04:33.003Z] message-hooks: searching 10 messages for OPENCODE_GENERIC
[2026-02-15T00:04:33.003Z] message-hooks: generic search complete, found=false, index=-1
[2026-02-15T00:04:33.003Z] message-hooks: no generic part found, checking for pending prompt return
[2026-02-15T00:04:38.301Z] message-hooks: ENTRY msgCount=11, sessions=ses_3a1642cc1ffe2nijQ3k9wGmdYR
[2026-02-15T00:04:38.301Z] message-hooks: MESSAGES: [0]user: text:"Fix the following animation issues in th..." | [1]assistant: step-start, reasoning, tool:completed, tool:completed, tool:completed, step-finish | [2]assistant: step-start, reasoning, tool:completed, step-finish | [3]assistant: step-start, reasoning, tool:completed, step-finish | [4]assistant: step-start, reasoning, tool:completed, step-finish | [5]assistant: step-start, reasoning, tool:completed, step-finish | [6]assistant: step-start, reasoning, tool:completed, step-finish | [7]assistant: step-start, reasoning, tool:completed, step-finish, patch | [8]assistant: step-start, reasoning, tool:completed, step-finish, patch | [9]assistant: step-start, reasoning, tool:completed, step-finish, patch | [10]assistant: step-start, reasoning, tool:completed, step-finish, patch
[2026-02-15T00:04:38.301Z] message-hooks: post-filter, msgCount=11
[2026-02-15T00:04:38.301Z] message-hooks: about to search for OPENCODE_GENERIC
[2026-02-15T00:04:38.301Z] message-hooks: searching 11 messages for OPENCODE_GENERIC
[2026-02-15T00:04:38.301Z] message-hooks: generic search complete, found=false, index=-1
[2026-02-15T00:04:38.301Z] message-hooks: no generic part found, checking for pending prompt return
[2026-02-15T00:04:42.931Z] message-hooks: ENTRY msgCount=12, sessions=ses_3a1642cc1ffe2nijQ3k9wGmdYR
[2026-02-15T00:04:42.931Z] message-hooks: MESSAGES: [0]user: text:"Fix the following animation issues in th..." | [1]assistant: step-start, reasoning, tool:completed, tool:completed, tool:completed, step-finish | [2]assistant: step-start, reasoning, tool:completed, step-finish | [3]assistant: step-start, reasoning, tool:completed, step-finish | [4]assistant: step-start, reasoning, tool:completed, step-finish | [5]assistant: step-start, reasoning, tool:completed, step-finish | [6]assistant: step-start, reasoning, tool:completed, step-finish | [7]assistant: step-start, reasoning, tool:completed, step-finish, patch | [8]assistant: step-start, reasoning, tool:completed, step-finish, patch | [9]assistant: step-start, reasoning, tool:completed, step-finish, patch | [10]assistant: step-start, reasoning, tool:completed, step-finish, patch | [11]assistant: step-start, reasoning, tool:completed, step-finish, patch
[2026-02-15T00:04:42.931Z] message-hooks: post-filter, msgCount=12
[2026-02-15T00:04:42.931Z] message-hooks: about to search for OPENCODE_GENERIC
[2026-02-15T00:04:42.931Z] message-hooks: searching 12 messages for OPENCODE_GENERIC
[2026-02-15T00:04:42.931Z] message-hooks: generic search complete, found=false, index=-1
[2026-02-15T00:04:42.931Z] message-hooks: no generic part found, checking for pending prompt return
[2026-02-15T00:04:49.483Z] message-hooks: ENTRY msgCount=13, sessions=ses_3a1642cc1ffe2nijQ3k9wGmdYR
[2026-02-15T00:04:49.484Z] message-hooks: MESSAGES: [0]user: text:"Fix the following animation issues in th..." | [1]assistant: step-start, reasoning, tool:completed, tool:completed, tool:completed, step-finish | [2]assistant: step-start, reasoning, tool:completed, step-finish | [3]assistant: step-start, reasoning, tool:completed, step-finish | [4]assistant: step-start, reasoning, tool:completed, step-finish | [5]assistant: step-start, reasoning, tool:completed, step-finish | [6]assistant: step-start, reasoning, tool:completed, step-finish | [7]assistant: step-start, reasoning, tool:completed, step-finish, patch | [8]assistant: step-start, reasoning, tool:completed, step-finish, patch | [9]assistant: step-start, reasoning, tool:completed, step-finish, patch | [10]assistant: step-start, reasoning, tool:completed, step-finish, patch | [11]assistant: step-start, reasoning, tool:completed, step-finish, patch | [12]assistant: step-start, reasoning, tool:completed, step-finish
[2026-02-15T00:04:49.484Z] message-hooks: post-filter, msgCount=13
[2026-02-15T00:04:49.484Z] message-hooks: about to search for OPENCODE_GENERIC
[2026-02-15T00:04:49.484Z] message-hooks: searching 13 messages for OPENCODE_GENERIC
[2026-02-15T00:04:49.484Z] message-hooks: generic search complete, found=false, index=-1
[2026-02-15T00:04:49.484Z] message-hooks: no generic part found, checking for pending prompt return
